[debug] [2025-04-19T13:54:21.020Z] ----------------------------------------------------------------------
[debug] [2025-04-19T13:54:21.033Z] Command:       C:\Program Files\nodejs\node.exe C:\Program Files\nodejs\node_modules\firebase-tools\lib\bin\firebase.js init hosting
[debug] [2025-04-19T13:54:21.034Z] CLI Version:   14.2.0
[debug] [2025-04-19T13:54:21.035Z] Platform:      win32
[debug] [2025-04-19T13:54:21.035Z] Node Version:  v22.11.0
[debug] [2025-04-19T13:54:21.036Z] Time:          Sat Apr 19 2025 19:24:21 GMT+0530 (India Standard Time)
[debug] [2025-04-19T13:54:21.036Z] ----------------------------------------------------------------------
[debug] 
[debug] [2025-04-19T13:54:21.621Z] > command requires scopes: ["email","openid","https://www.googleapis.com/auth/cloudplatformprojects.readonly","https://www.googleapis.com/auth/firebase","https://www.googleapis.com/auth/cloud-platform"]
[debug] [2025-04-19T13:54:21.622Z] > authorizing via signed-in user (project.sbrakeshrath@gmail.com)
[info] 
     ######## #### ########  ######## ########     ###     ######  ########
     ##        ##  ##     ## ##       ##     ##  ##   ##  ##       ##
     ######    ##  ########  ######   ########  #########  ######  ######
     ##        ##  ##    ##  ##       ##     ## ##     ##       ## ##
     ##       #### ##     ## ######## ########  ##     ##  ######  ########

You're about to initialize a Firebase project in this directory:

  C:\Users\KIIT0001\projects\online-compiler\compilers\frontend

Before we get started, keep in mind:

  * You are initializing within an existing Firebase project directory

